<?xml version="1.0" encoding="UTF-8"?>
<!-- Generated by org.testng.reporters.JUnitXMLReporter -->
<testsuite ignored="0" hostname="Ashoks-Legion" failures="0" tests="3" name="Default test" time="29.729" errors="0" timestamp="2022-11-08T10:45:57 IST">
  <testcase classname="DAY_METHODS1.NewTest" name="getTitle" time="0.025"/>
  <testcase classname="DAY_METHODS1.NewTest" name="getCurrentUrl" time="0.017"/>
  <testcase classname="DAY_METHODS1.NewTest" name="Screenshot" time="0.811"/>
</testsuite> <!-- Default test -->
