<?xml version="1.0" encoding="UTF-8"?>
<!-- Generated by org.testng.reporters.JUnitXMLReporter -->
<testsuite ignored="0" hostname="Ashoks-Legion" failures="1" tests="4" name="Test" time="20.854" errors="0" timestamp="2022-11-08T12:16:42 IST">
  <testcase classname="amazonpage.login" name="getTitle" time="0.037"/>
  <testcase classname="amazonpage.operation" name="getcurrentUrl" time="0.012"/>
  <testcase classname="amazonpage.operation" name="dropanddown" time="0.424"/>
  <testcase classname="amazonpage.operation" name="screenshot" time="0.475">
    <failure type="java.io.FileNotFoundException" message="C:\a2.png (Access is denied)">
      <![CDATA[java.io.FileNotFoundException: C:\a2.png (Access is denied)
at java.base/java.io.FileOutputStream.open0(Native Method)
at java.base/java.io.FileOutputStream.open(FileOutputStream.java:293)
at java.base/java.io.FileOutputStream.<init>(FileOutputStream.java:235)
at java.base/java.io.FileOutputStream.<init>(FileOutputStream.java:184)
at org.apache.commons.io.FileUtils.doCopyFile(FileUtils.java:1139)
at org.apache.commons.io.FileUtils.copyFile(FileUtils.java:1091)
at org.apache.commons.io.FileUtils.copyFile(FileUtils.java:1038)
at amazonpage.operation.screenshot(operation.java:31)
at java.base/java.util.ArrayList.forEach(ArrayList.java:1511)
... Removed 27 stack frames]]>
    </failure>
  </testcase> <!-- screenshot -->
</testsuite> <!-- Test -->
